Using pre-set license
Built from '2020.3/release' branch; Version is '2020.3.7f1 (dd97f2c94397) revision 14522354'; Using compiler version '192528614'; Build Type 'Release'
OS: 'Windows 8.1  (6.3.0) 64bit' Language: 'en' Physical Memory: 16337 MB
BatchMode: 1, IsHumanControllingUs: 0, StartBugReporterOnCrash: 0, Is64bit: 1, IsPro: 0

 COMMAND LINE ARGUMENTS:
F:\Unity\Versions\2020.3.7f1\Editor\Unity.exe
-adb2
-batchMode
-noUpm
-name
AssetImportWorker1
-projectPath
F:/Unity/Projects/Wizard Dungeon Wave Defender Project
-logFile
Logs/AssetImportWorker1.log
-srvPort
64866
Successfully changed project path to: F:/Unity/Projects/Wizard Dungeon Wave Defender Project
F:/Unity/Projects/Wizard Dungeon Wave Defender Project
Using Asset Import Pipeline V2.
Refreshing native plugins compatible for Editor in 64.92 ms, found 1 plugins.
Preloading 0 native plugins for Editor in 0.00 ms.
Initialize engine version: 2020.3.7f1 (dd97f2c94397)
[Subsystems] Discovering subsystems at path F:/Unity/Versions/2020.3.7f1/Editor/Data/Resources/UnitySubsystems
[Subsystems] Discovering subsystems at path F:/Unity/Projects/Wizard Dungeon Wave Defender Project/Assets
GfxDevice: creating device client; threaded=0
d3d11: QueryInterface(IDXGIFactory5) failed (80004002).
Direct3D:
    Version:  Direct3D 11.0 [level 11.0]
    Renderer: NVIDIA GeForce GTX 760 (ID=0x1187)
    Vendor:   
    VRAM:     1947 MB
    Driver:   26.21.14.4575
Initialize mono
Mono path[0] = 'F:/Unity/Versions/2020.3.7f1/Editor/Data/Managed'
Mono path[1] = 'F:/Unity/Versions/2020.3.7f1/Editor/Data/MonoBleedingEdge/lib/mono/unityjit'
Mono config path = 'F:/Unity/Versions/2020.3.7f1/Editor/Data/MonoBleedingEdge/etc'
Using monoOptions --debugger-agent=transport=dt_socket,embedding=1,server=y,suspend=n,address=127.0.0.1:56196
Begin MonoManager ReloadAssembly
Registering precompiled unity dll's ...
Register platform support module: F:/Unity/Versions/2020.3.7f1/Editor/Data/PlaybackEngines/WebGLSupport/UnityEditor.WebGL.Extensions.dll
Register platform support module: F:/Unity/Versions/2020.3.7f1/Editor/Data/PlaybackEngines/WindowsStandaloneSupport/UnityEditor.WindowsStandalone.Extensions.dll
Register platform support module: F:/Unity/Versions/2020.3.7f1/Editor/Data/PlaybackEngines/LinuxStandaloneSupport/UnityEditor.LinuxStandalone.Extensions.dll
Registered in 0.002153 seconds.
Native extension for LinuxStandalone target not found
Native extension for WindowsStandalone target not found
Native extension for WebGL target not found
Refreshing native plugins compatible for Editor in 102.89 ms, found 1 plugins.
Preloading 0 native plugins for Editor in 0.00 ms.
Mono: successfully reloaded assembly
- Completed reload, in  6.238 seconds
Platform modules already initialized, skipping
Registering precompiled user dll's ...
Registered in 0.011507 seconds.
Begin MonoManager ReloadAssembly
Native extension for LinuxStandalone target not found
Native extension for WindowsStandalone target not found
Native extension for WebGL target not found
Refreshing native plugins compatible for Editor in 77.24 ms, found 1 plugins.
Preloading 0 native plugins for Editor in 0.00 ms.
Mono: successfully reloaded assembly
- Completed reload, in  1.696 seconds
Platform modules already initialized, skipping
========================================================================
Worker process is ready to serve import requests
Launched and connected shader compiler UnityShaderCompiler.exe after 0.03 seconds
Refreshing native plugins compatible for Editor in 0.57 ms, found 1 plugins.
Preloading 0 native plugins for Editor in 0.00 ms.
Unloading 1792 Unused Serialized files (Serialized files now loaded: 0)
System memory in use before: 176.1 MB.
System memory in use after: 176.2 MB.

Unloading 31 unused Assets to reduce memory usage. Loaded Objects now: 2334.
Total: 2.410360 ms (FindLiveObjects: 0.212067 ms CreateObjectMapping: 0.087205 ms MarkObjects: 2.069468 ms  DeleteObjects: 0.039308 ms)

========================================================================
Received Import Request.
  path: Assets/Scripts/Runtime/Game Logic/Combat System/Element System/Status Effect System/StatusEffectHandler.cs
  artifactKey: Guid(2b036530821f4b47a1023e07f351f6c8) Importer(815301076,1909f56bfc062723c751e8b465ee728b)
Start importing Assets/Scripts/Runtime/Game Logic/Combat System/Element System/Status Effect System/StatusEffectHandler.cs using Guid(2b036530821f4b47a1023e07f351f6c8) Importer(815301076,1909f56bfc062723c751e8b465ee728b)  -> (artifact id: 'fe5958d2c19ac182aa22b70468092b60') in 0.031790 seconds
  Import took 0.035849 seconds .

========================================================================
Received Import Request.
  Time since last request: 50.884929 seconds.
  path: Assets/Scripts/Runtime/Game Logic/Combat System/Element System/Status Effect System/Status Effects
  artifactKey: Guid(9afdf21e0f2e43649657e96ee005987a) Importer(815301076,1909f56bfc062723c751e8b465ee728b)
Start importing Assets/Scripts/Runtime/Game Logic/Combat System/Element System/Status Effect System/Status Effects using Guid(9afdf21e0f2e43649657e96ee005987a) Importer(815301076,1909f56bfc062723c751e8b465ee728b)  -> (artifact id: '629f0d7eee165f653bc191a7d41f2843') in 0.002193 seconds
  Import took 0.006089 seconds .

========================================================================
Received Import Request.
  Time since last request: 0.002512 seconds.
  path: Assets/Scripts/Runtime/Game Logic/Combat System/Element System/Status Effect System/Status Effects
  artifactKey: Guid(9afdf21e0f2e43649657e96ee005987a) Importer(815301076,1909f56bfc062723c751e8b465ee728b)
Start importing Assets/Scripts/Runtime/Game Logic/Combat System/Element System/Status Effect System/Status Effects using Guid(9afdf21e0f2e43649657e96ee005987a) Importer(815301076,1909f56bfc062723c751e8b465ee728b)  -> (artifact id: '629f0d7eee165f653bc191a7d41f2843') in 0.002115 seconds
  Import took 0.006140 seconds .

========================================================================
Received Import Request.
  Time since last request: 3.509095 seconds.
  path: Assets/Scripts/Runtime/Game Logic/Combat System/Element System/Status Effect System/Status Effects/StatusEffect.cs
  artifactKey: Guid(908b4a2bd8a30194f8c962b12d631988) Importer(815301076,1909f56bfc062723c751e8b465ee728b)
Start importing Assets/Scripts/Runtime/Game Logic/Combat System/Element System/Status Effect System/Status Effects/StatusEffect.cs using Guid(908b4a2bd8a30194f8c962b12d631988) Importer(815301076,1909f56bfc062723c751e8b465ee728b)  -> (artifact id: '05255e7cc4c86d47f713ed129c9a76d2') in 0.002978 seconds
  Import took 0.007544 seconds .

========================================================================
Received Import Request.
  Time since last request: 0.003564 seconds.
  path: Assets/Scripts/Runtime/Game Logic/Combat System/Element System/Status Effect System/Status Effects/StatusEffect.cs
  artifactKey: Guid(908b4a2bd8a30194f8c962b12d631988) Importer(815301076,1909f56bfc062723c751e8b465ee728b)
Start importing Assets/Scripts/Runtime/Game Logic/Combat System/Element System/Status Effect System/Status Effects/StatusEffect.cs using Guid(908b4a2bd8a30194f8c962b12d631988) Importer(815301076,1909f56bfc062723c751e8b465ee728b)  -> (artifact id: '05255e7cc4c86d47f713ed129c9a76d2') in 0.006944 seconds
  Import took 0.012189 seconds .

========================================================================
Received Import Request.
  Time since last request: 30.789837 seconds.
  path: Assets/Scripts/Runtime/Game Logic/Combat System/Element System/Status Effect System/StatusEffectData.cs
  artifactKey: Guid(8ecb7c7a434e49b8a20f904da4fabce1) Importer(815301076,1909f56bfc062723c751e8b465ee728b)
Start importing Assets/Scripts/Runtime/Game Logic/Combat System/Element System/Status Effect System/StatusEffectData.cs using Guid(8ecb7c7a434e49b8a20f904da4fabce1) Importer(815301076,1909f56bfc062723c751e8b465ee728b)  -> (artifact id: '80b77282f0ed17b0057d1531d803cae9') in 0.002635 seconds
  Import took 0.007736 seconds .

========================================================================
Received Prepare
Registering precompiled user dll's ...
Registered in 0.008009 seconds.
Begin MonoManager ReloadAssembly
Native extension for LinuxStandalone target not found
Native extension for WindowsStandalone target not found
Native extension for WebGL target not found
Refreshing native plugins compatible for Editor in 0.73 ms, found 1 plugins.
Preloading 0 native plugins for Editor in 0.00 ms.
Mono: successfully reloaded assembly
- Completed reload, in  1.319 seconds
Platform modules already initialized, skipping
Refreshing native plugins compatible for Editor in 0.71 ms, found 1 plugins.
Preloading 0 native plugins for Editor in 0.00 ms.
Unloading 1769 Unused Serialized files (Serialized files now loaded: 0)
System memory in use before: 174.5 MB.
System memory in use after: 174.7 MB.

Unloading 25 unused Assets to reduce memory usage. Loaded Objects now: 2337.
Total: 2.999655 ms (FindLiveObjects: 0.220655 ms CreateObjectMapping: 0.084232 ms MarkObjects: 2.659423 ms  DeleteObjects: 0.033032 ms)

========================================================================
Received Prepare
Registering precompiled user dll's ...
Registered in 0.009728 seconds.
Begin MonoManager ReloadAssembly
Native extension for LinuxStandalone target not found
Native extension for WindowsStandalone target not found
Native extension for WebGL target not found
Refreshing native plugins compatible for Editor in 0.59 ms, found 1 plugins.
Preloading 0 native plugins for Editor in 0.00 ms.
Mono: successfully reloaded assembly
- Completed reload, in  1.589 seconds
Platform modules already initialized, skipping
Refreshing native plugins compatible for Editor in 0.61 ms, found 1 plugins.
Preloading 0 native plugins for Editor in 0.00 ms.
Unloading 1769 Unused Serialized files (Serialized files now loaded: 0)
System memory in use before: 174.6 MB.
System memory in use after: 174.7 MB.

Unloading 25 unused Assets to reduce memory usage. Loaded Objects now: 2340.
Total: 2.618133 ms (FindLiveObjects: 0.231225 ms CreateObjectMapping: 0.085884 ms MarkObjects: 2.253457 ms  DeleteObjects: 0.044924 ms)

========================================================================
Received Prepare
Registering precompiled user dll's ...
Registered in 0.008457 seconds.
Begin MonoManager ReloadAssembly
Native extension for LinuxStandalone target not found
Native extension for WindowsStandalone target not found
Native extension for WebGL target not found
Refreshing native plugins compatible for Editor in 0.59 ms, found 1 plugins.
Preloading 0 native plugins for Editor in 0.00 ms.
Mono: successfully reloaded assembly
- Completed reload, in  1.262 seconds
Platform modules already initialized, skipping
Refreshing native plugins compatible for Editor in 0.58 ms, found 1 plugins.
Preloading 0 native plugins for Editor in 0.00 ms.
Unloading 1769 Unused Serialized files (Serialized files now loaded: 0)
System memory in use before: 174.6 MB.
System memory in use after: 174.7 MB.

Unloading 25 unused Assets to reduce memory usage. Loaded Objects now: 2343.
Total: 2.495914 ms (FindLiveObjects: 0.203809 ms CreateObjectMapping: 0.079938 ms MarkObjects: 2.166913 ms  DeleteObjects: 0.043272 ms)

========================================================================
Received Prepare
Registering precompiled user dll's ...
Registered in 0.007964 seconds.
Begin MonoManager ReloadAssembly
Native extension for LinuxStandalone target not found
Native extension for WindowsStandalone target not found
Native extension for WebGL target not found
Refreshing native plugins compatible for Editor in 0.61 ms, found 1 plugins.
Preloading 0 native plugins for Editor in 0.00 ms.
Mono: successfully reloaded assembly
- Completed reload, in  1.206 seconds
Platform modules already initialized, skipping
Refreshing native plugins compatible for Editor in 0.58 ms, found 1 plugins.
Preloading 0 native plugins for Editor in 0.00 ms.
Unloading 1769 Unused Serialized files (Serialized files now loaded: 0)
System memory in use before: 174.6 MB.
System memory in use after: 174.7 MB.

Unloading 25 unused Assets to reduce memory usage. Loaded Objects now: 2346.
Total: 2.782303 ms (FindLiveObjects: 0.200506 ms CreateObjectMapping: 0.077626 ms MarkObjects: 2.452642 ms  DeleteObjects: 0.049879 ms)

========================================================================
Received Import Request.
  Time since last request: 200.977912 seconds.
  path: Assets/Scripts/Runtime/Game Logic/Combat System/Element System/Status Effect System/StatusEffectHandler.cs
  artifactKey: Guid(2b036530821f4b47a1023e07f351f6c8) Importer(815301076,1909f56bfc062723c751e8b465ee728b)
Start importing Assets/Scripts/Runtime/Game Logic/Combat System/Element System/Status Effect System/StatusEffectHandler.cs using Guid(2b036530821f4b47a1023e07f351f6c8) Importer(815301076,1909f56bfc062723c751e8b465ee728b)  -> (artifact id: '72574a6f11cee441c84870479fef42cf') in 0.040098 seconds
  Import took 0.109453 seconds .

========================================================================
Received Import Request.
  Time since last request: 3.542982 seconds.
  path: Assets/Scripts/Runtime/Game Logic/Combat System/Element System/Status Effect System/StatusEffectHandler.cs
  artifactKey: Guid(2b036530821f4b47a1023e07f351f6c8) Importer(815301076,1909f56bfc062723c751e8b465ee728b)
Start importing Assets/Scripts/Runtime/Game Logic/Combat System/Element System/Status Effect System/StatusEffectHandler.cs using Guid(2b036530821f4b47a1023e07f351f6c8) Importer(815301076,1909f56bfc062723c751e8b465ee728b)  -> (artifact id: 'f2bccd7cd8a5de16fc59d63490460226') in 0.004099 seconds
  Import took 0.007948 seconds .

========================================================================
Received Import Request.
  Time since last request: 9.660483 seconds.
  path: Assets/Scripts/Runtime/Game Logic/Combat System/Element System/Status Effect System/StatusEffectHandler.cs
  artifactKey: Guid(2b036530821f4b47a1023e07f351f6c8) Importer(815301076,1909f56bfc062723c751e8b465ee728b)
Start importing Assets/Scripts/Runtime/Game Logic/Combat System/Element System/Status Effect System/StatusEffectHandler.cs using Guid(2b036530821f4b47a1023e07f351f6c8) Importer(815301076,1909f56bfc062723c751e8b465ee728b)  -> (artifact id: 'd29bc4777bd5e346199ca81ddc19dcc6') in 0.004561 seconds
  Import took 0.010362 seconds .

========================================================================
Received Import Request.
  Time since last request: 21.651618 seconds.
  path: Assets/Scripts/Runtime/Game Logic/Combat System/Element System/Status Effect System/StatusEffectHandler.cs
  artifactKey: Guid(2b036530821f4b47a1023e07f351f6c8) Importer(815301076,1909f56bfc062723c751e8b465ee728b)
Start importing Assets/Scripts/Runtime/Game Logic/Combat System/Element System/Status Effect System/StatusEffectHandler.cs using Guid(2b036530821f4b47a1023e07f351f6c8) Importer(815301076,1909f56bfc062723c751e8b465ee728b)  -> (artifact id: 'a07815f70c0a147882aee4acf8bddfdb') in 0.002595 seconds
  Import took 0.006857 seconds .

========================================================================
Received Import Request.
  Time since last request: 28.208955 seconds.
  path: Assets/Scripts/Runtime/Game Logic/Combat System/Element System/Status Effect System/StatusEffectHandler.cs
  artifactKey: Guid(2b036530821f4b47a1023e07f351f6c8) Importer(815301076,1909f56bfc062723c751e8b465ee728b)
Start importing Assets/Scripts/Runtime/Game Logic/Combat System/Element System/Status Effect System/StatusEffectHandler.cs using Guid(2b036530821f4b47a1023e07f351f6c8) Importer(815301076,1909f56bfc062723c751e8b465ee728b)  -> (artifact id: 'c54e3e81c8963245e8b37b440d66b414') in 0.001948 seconds
  Import took 0.005901 seconds .

========================================================================
Received Import Request.
  Time since last request: 51.968580 seconds.
  path: Assets/Scripts/Runtime/Game Logic/Combat System/Element System/Status Effect System/StatusEffectHandler.cs
  artifactKey: Guid(2b036530821f4b47a1023e07f351f6c8) Importer(815301076,1909f56bfc062723c751e8b465ee728b)
Start importing Assets/Scripts/Runtime/Game Logic/Combat System/Element System/Status Effect System/StatusEffectHandler.cs using Guid(2b036530821f4b47a1023e07f351f6c8) Importer(815301076,1909f56bfc062723c751e8b465ee728b)  -> (artifact id: '69ed22c2c13a923e60ab93f3eb649055') in 0.024744 seconds
  Import took 0.032569 seconds .

========================================================================
Received Import Request.
  Time since last request: 28.942400 seconds.
  path: Assets/Scripts/Runtime/Game Logic/Combat System/Element System/Status Effect System/StatusEffectHandler.cs
  artifactKey: Guid(2b036530821f4b47a1023e07f351f6c8) Importer(815301076,1909f56bfc062723c751e8b465ee728b)
Start importing Assets/Scripts/Runtime/Game Logic/Combat System/Element System/Status Effect System/StatusEffectHandler.cs using Guid(2b036530821f4b47a1023e07f351f6c8) Importer(815301076,1909f56bfc062723c751e8b465ee728b)  -> (artifact id: '40cdf589d717a9b6624c8f4448340e32') in 0.016409 seconds
  Import took 0.026392 seconds .

========================================================================
Received Prepare
Registering precompiled user dll's ...
Registered in 0.008123 seconds.
Begin MonoManager ReloadAssembly
Native extension for LinuxStandalone target not found
Native extension for WindowsStandalone target not found
Native extension for WebGL target not found
Refreshing native plugins compatible for Editor in 0.58 ms, found 1 plugins.
Preloading 0 native plugins for Editor in 0.00 ms.
Mono: successfully reloaded assembly
- Completed reload, in  1.182 seconds
Platform modules already initialized, skipping
Refreshing native plugins compatible for Editor in 0.57 ms, found 1 plugins.
Preloading 0 native plugins for Editor in 0.00 ms.
Unloading 1769 Unused Serialized files (Serialized files now loaded: 0)
System memory in use before: 174.6 MB.
System memory in use after: 174.7 MB.

Unloading 25 unused Assets to reduce memory usage. Loaded Objects now: 2349.
Total: 2.647532 ms (FindLiveObjects: 0.192908 ms CreateObjectMapping: 0.074653 ms MarkObjects: 2.332074 ms  DeleteObjects: 0.046575 ms)

========================================================================
Received Import Request.
  Time since last request: 136.346444 seconds.
  path: Assets/Scripts/Runtime/Game Logic/Combat System/Element System/Status Effect System/StatusEffectHandler.cs
  artifactKey: Guid(2b036530821f4b47a1023e07f351f6c8) Importer(815301076,1909f56bfc062723c751e8b465ee728b)
Start importing Assets/Scripts/Runtime/Game Logic/Combat System/Element System/Status Effect System/StatusEffectHandler.cs using Guid(2b036530821f4b47a1023e07f351f6c8) Importer(815301076,1909f56bfc062723c751e8b465ee728b)  -> (artifact id: '32b50e8963003d47932192b82c443462') in 0.022964 seconds
  Import took 0.036751 seconds .

========================================================================
Received Import Request.
  Time since last request: 0.047962 seconds.
  path: Assets/Scripts/Runtime/Game Logic/Combat System/Element System/Status Effect System/StatusEffectHandler.cs
  artifactKey: Guid(2b036530821f4b47a1023e07f351f6c8) Importer(815301076,1909f56bfc062723c751e8b465ee728b)
Start importing Assets/Scripts/Runtime/Game Logic/Combat System/Element System/Status Effect System/StatusEffectHandler.cs using Guid(2b036530821f4b47a1023e07f351f6c8) Importer(815301076,1909f56bfc062723c751e8b465ee728b)  -> (artifact id: '32b50e8963003d47932192b82c443462') in 0.002256 seconds
  Import took 0.008764 seconds .

========================================================================
Received Prepare
Registering precompiled user dll's ...
Registered in 0.009756 seconds.
Begin MonoManager ReloadAssembly
Native extension for LinuxStandalone target not found
Native extension for WindowsStandalone target not found
Native extension for WebGL target not found
Refreshing native plugins compatible for Editor in 0.57 ms, found 1 plugins.
Preloading 0 native plugins for Editor in 0.00 ms.
Mono: successfully reloaded assembly
- Completed reload, in  1.785 seconds
Platform modules already initialized, skipping
Refreshing native plugins compatible for Editor in 0.74 ms, found 1 plugins.
Preloading 0 native plugins for Editor in 0.00 ms.
Unloading 1769 Unused Serialized files (Serialized files now loaded: 0)
System memory in use before: 174.6 MB.
System memory in use after: 174.8 MB.

Unloading 25 unused Assets to reduce memory usage. Loaded Objects now: 2352.
Total: 2.608223 ms (FindLiveObjects: 0.241796 ms CreateObjectMapping: 0.080268 ms MarkObjects: 2.250154 ms  DeleteObjects: 0.033693 ms)

========================================================================
Received Import Request.
  Time since last request: 10.309144 seconds.
  path: Assets/Scripts/Runtime/Game Logic/Combat System/Element System/Status Effect System/StatusEffectHandler.cs
  artifactKey: Guid(2b036530821f4b47a1023e07f351f6c8) Importer(815301076,1909f56bfc062723c751e8b465ee728b)
Start importing Assets/Scripts/Runtime/Game Logic/Combat System/Element System/Status Effect System/StatusEffectHandler.cs using Guid(2b036530821f4b47a1023e07f351f6c8) Importer(815301076,1909f56bfc062723c751e8b465ee728b)  -> (artifact id: '035d9a9e3e50bb3d03d75cf509221711') in 0.016151 seconds
  Import took 0.020946 seconds .

========================================================================
Received Prepare
Registering precompiled user dll's ...
Registered in 0.008978 seconds.
Begin MonoManager ReloadAssembly
Native extension for LinuxStandalone target not found
Native extension for WindowsStandalone target not found
Native extension for WebGL target not found
Refreshing native plugins compatible for Editor in 0.57 ms, found 1 plugins.
Preloading 0 native plugins for Editor in 0.00 ms.
Mono: successfully reloaded assembly
- Completed reload, in  1.213 seconds
Platform modules already initialized, skipping
Refreshing native plugins compatible for Editor in 0.58 ms, found 1 plugins.
Preloading 0 native plugins for Editor in 0.00 ms.
Unloading 1769 Unused Serialized files (Serialized files now loaded: 0)
System memory in use before: 174.6 MB.
System memory in use after: 174.8 MB.

Unloading 25 unused Assets to reduce memory usage. Loaded Objects now: 2355.
Total: 2.644559 ms (FindLiveObjects: 0.202818 ms CreateObjectMapping: 0.134111 ms MarkObjects: 2.260064 ms  DeleteObjects: 0.045584 ms)

========================================================================
Received Import Request.
  Time since last request: 21.739372 seconds.
  path: Assets/Scripts/Runtime/Game Logic/Combat System/Element System/Status Effect System/StatusEffectHandler.cs
  artifactKey: Guid(2b036530821f4b47a1023e07f351f6c8) Importer(815301076,1909f56bfc062723c751e8b465ee728b)
Start importing Assets/Scripts/Runtime/Game Logic/Combat System/Element System/Status Effect System/StatusEffectHandler.cs using Guid(2b036530821f4b47a1023e07f351f6c8) Importer(815301076,1909f56bfc062723c751e8b465ee728b)  -> (artifact id: '9cad11c142c1b4fbc8c6a5e23d3d6e46') in 0.005990 seconds
  Import took 0.010258 seconds .

========================================================================
Received Import Request.
  Time since last request: 0.056712 seconds.
  path: Assets/Scripts/Runtime/Game Logic/Combat System/Element System/Status Effect System/StatusEffectHandler.cs
  artifactKey: Guid(2b036530821f4b47a1023e07f351f6c8) Importer(815301076,1909f56bfc062723c751e8b465ee728b)
Start importing Assets/Scripts/Runtime/Game Logic/Combat System/Element System/Status Effect System/StatusEffectHandler.cs using Guid(2b036530821f4b47a1023e07f351f6c8) Importer(815301076,1909f56bfc062723c751e8b465ee728b)  -> (artifact id: '9cad11c142c1b4fbc8c6a5e23d3d6e46') in 0.002567 seconds
  Import took 0.007004 seconds .

========================================================================
Received Prepare
Registering precompiled user dll's ...
Registered in 0.007732 seconds.
Begin MonoManager ReloadAssembly
Native extension for LinuxStandalone target not found
Native extension for WindowsStandalone target not found
Native extension for WebGL target not found
Refreshing native plugins compatible for Editor in 0.57 ms, found 1 plugins.
Preloading 0 native plugins for Editor in 0.00 ms.
Mono: successfully reloaded assembly
- Completed reload, in  1.236 seconds
Platform modules already initialized, skipping
Refreshing native plugins compatible for Editor in 0.58 ms, found 1 plugins.
Preloading 0 native plugins for Editor in 0.00 ms.
Unloading 1769 Unused Serialized files (Serialized files now loaded: 0)
System memory in use before: 174.7 MB.
System memory in use after: 174.8 MB.

Unloading 25 unused Assets to reduce memory usage. Loaded Objects now: 2358.
Total: 2.527625 ms (FindLiveObjects: 0.206782 ms CreateObjectMapping: 0.076635 ms MarkObjects: 2.212828 ms  DeleteObjects: 0.030059 ms)

========================================================================
Received Prepare
Registering precompiled user dll's ...
Registered in 0.014652 seconds.
Begin MonoManager ReloadAssembly
Native extension for LinuxStandalone target not found
Native extension for WindowsStandalone target not found
Native extension for WebGL target not found
Refreshing native plugins compatible for Editor in 0.57 ms, found 1 plugins.
Preloading 0 native plugins for Editor in 0.00 ms.
Mono: successfully reloaded assembly
- Completed reload, in  1.351 seconds
Platform modules already initialized, skipping
Refreshing native plugins compatible for Editor in 0.62 ms, found 1 plugins.
Preloading 0 native plugins for Editor in 0.00 ms.
Unloading 1770 Unused Serialized files (Serialized files now loaded: 0)
System memory in use before: 174.7 MB.
System memory in use after: 174.8 MB.

Unloading 25 unused Assets to reduce memory usage. Loaded Objects now: 2362.
Total: 4.878858 ms (FindLiveObjects: 0.552959 ms CreateObjectMapping: 0.087866 ms MarkObjects: 4.199385 ms  DeleteObjects: 0.036005 ms)

========================================================================
Received Prepare
Registering precompiled user dll's ...
Registered in 0.007603 seconds.
Begin MonoManager ReloadAssembly
Native extension for LinuxStandalone target not found
Native extension for WindowsStandalone target not found
Native extension for WebGL target not found
Refreshing native plugins compatible for Editor in 0.58 ms, found 1 plugins.
Preloading 0 native plugins for Editor in 0.00 ms.
Mono: successfully reloaded assembly
- Completed reload, in  1.356 seconds
Platform modules already initialized, skipping
Refreshing native plugins compatible for Editor in 0.59 ms, found 1 plugins.
Preloading 0 native plugins for Editor in 0.00 ms.
Unloading 1770 Unused Serialized files (Serialized files now loaded: 0)
System memory in use before: 174.7 MB.
System memory in use after: 174.8 MB.

Unloading 25 unused Assets to reduce memory usage. Loaded Objects now: 2365.
Total: 3.125178 ms (FindLiveObjects: 0.223958 ms CreateObjectMapping: 0.082911 ms MarkObjects: 2.779661 ms  DeleteObjects: 0.036005 ms)

========================================================================
Received Prepare
Registering precompiled user dll's ...
Registered in 0.008605 seconds.
Begin MonoManager ReloadAssembly
Native extension for LinuxStandalone target not found
Native extension for WindowsStandalone target not found
Native extension for WebGL target not found
Refreshing native plugins compatible for Editor in 0.86 ms, found 1 plugins.
Preloading 0 native plugins for Editor in 0.00 ms.
Mono: successfully reloaded assembly
- Completed reload, in  1.588 seconds
Platform modules already initialized, skipping
Refreshing native plugins compatible for Editor in 0.57 ms, found 1 plugins.
Preloading 0 native plugins for Editor in 0.00 ms.
Unloading 1770 Unused Serialized files (Serialized files now loaded: 0)
System memory in use before: 174.7 MB.
System memory in use after: 174.8 MB.

Unloading 25 unused Assets to reduce memory usage. Loaded Objects now: 2368.
Total: 3.585647 ms (FindLiveObjects: 0.214709 ms CreateObjectMapping: 0.079938 ms MarkObjects: 3.252682 ms  DeleteObjects: 0.036005 ms)

========================================================================
Received Prepare
Registering precompiled user dll's ...
Registered in 0.030756 seconds.
Begin MonoManager ReloadAssembly
Native extension for LinuxStandalone target not found
Native extension for WindowsStandalone target not found
Native extension for WebGL target not found
Refreshing native plugins compatible for Editor in 0.59 ms, found 1 plugins.
Preloading 0 native plugins for Editor in 0.00 ms.
Mono: successfully reloaded assembly
- Completed reload, in  1.253 seconds
Platform modules already initialized, skipping
Refreshing native plugins compatible for Editor in 0.57 ms, found 1 plugins.
Preloading 0 native plugins for Editor in 0.00 ms.
Unloading 1770 Unused Serialized files (Serialized files now loaded: 0)
System memory in use before: 174.7 MB.
System memory in use after: 174.8 MB.

Unloading 25 unused Assets to reduce memory usage. Loaded Objects now: 2371.
Total: 2.568585 ms (FindLiveObjects: 0.258642 ms CreateObjectMapping: 0.077956 ms MarkObjects: 2.192678 ms  DeleteObjects: 0.037657 ms)

========================================================================
Received Prepare
Registering precompiled user dll's ...
Registered in 0.008320 seconds.
Begin MonoManager ReloadAssembly
Native extension for LinuxStandalone target not found
Native extension for WindowsStandalone target not found
Native extension for WebGL target not found
Refreshing native plugins compatible for Editor in 0.66 ms, found 1 plugins.
Preloading 0 native plugins for Editor in 0.00 ms.
Mono: successfully reloaded assembly
- Completed reload, in  1.200 seconds
Platform modules already initialized, skipping
Refreshing native plugins compatible for Editor in 0.60 ms, found 1 plugins.
Preloading 0 native plugins for Editor in 0.00 ms.
Unloading 1771 Unused Serialized files (Serialized files now loaded: 0)
System memory in use before: 174.7 MB.
System memory in use after: 174.8 MB.

Unloading 25 unused Assets to reduce memory usage. Loaded Objects now: 2375.
Total: 2.460900 ms (FindLiveObjects: 0.215040 ms CreateObjectMapping: 0.081590 ms MarkObjects: 2.130247 ms  DeleteObjects: 0.032041 ms)

========================================================================
Received Prepare
Registering precompiled user dll's ...
Registered in 0.008225 seconds.
Begin MonoManager ReloadAssembly
Native extension for LinuxStandalone target not found
Native extension for WindowsStandalone target not found
Native extension for WebGL target not found
Refreshing native plugins compatible for Editor in 0.63 ms, found 1 plugins.
Preloading 0 native plugins for Editor in 0.00 ms.
Mono: successfully reloaded assembly
- Completed reload, in  1.177 seconds
Platform modules already initialized, skipping
Refreshing native plugins compatible for Editor in 0.58 ms, found 1 plugins.
Preloading 0 native plugins for Editor in 0.00 ms.
Unloading 1771 Unused Serialized files (Serialized files now loaded: 0)
System memory in use before: 174.7 MB.
System memory in use after: 174.8 MB.

Unloading 25 unused Assets to reduce memory usage. Loaded Objects now: 2378.
Total: 2.657772 ms (FindLiveObjects: 0.232547 ms CreateObjectMapping: 0.079938 ms MarkObjects: 2.305979 ms  DeleteObjects: 0.037657 ms)

========================================================================
Received Prepare
Registering precompiled user dll's ...
Registered in 0.009929 seconds.
Begin MonoManager ReloadAssembly
Native extension for LinuxStandalone target not found
Native extension for WindowsStandalone target not found
Native extension for WebGL target not found
Refreshing native plugins compatible for Editor in 0.63 ms, found 1 plugins.
Preloading 0 native plugins for Editor in 0.00 ms.
Mono: successfully reloaded assembly
- Completed reload, in  1.218 seconds
Platform modules already initialized, skipping
Refreshing native plugins compatible for Editor in 0.58 ms, found 1 plugins.
Preloading 0 native plugins for Editor in 0.00 ms.
Unloading 1771 Unused Serialized files (Serialized files now loaded: 0)
System memory in use before: 174.7 MB.
System memory in use after: 174.9 MB.

Unloading 25 unused Assets to reduce memory usage. Loaded Objects now: 2381.
Total: 2.724827 ms (FindLiveObjects: 0.283747 ms CreateObjectMapping: 0.089848 ms MarkObjects: 2.318531 ms  DeleteObjects: 0.030390 ms)

========================================================================
Received Prepare
Registering precompiled user dll's ...
Registered in 0.007640 seconds.
Begin MonoManager ReloadAssembly
Native extension for LinuxStandalone target not found
Native extension for WindowsStandalone target not found
Native extension for WebGL target not found
Refreshing native plugins compatible for Editor in 0.59 ms, found 1 plugins.
Preloading 0 native plugins for Editor in 0.00 ms.
Mono: successfully reloaded assembly
- Completed reload, in  1.198 seconds
Platform modules already initialized, skipping
Refreshing native plugins compatible for Editor in 0.60 ms, found 1 plugins.
Preloading 0 native plugins for Editor in 0.00 ms.
Unloading 1771 Unused Serialized files (Serialized files now loaded: 0)
System memory in use before: 174.7 MB.
System memory in use after: 174.9 MB.

Unloading 25 unused Assets to reduce memory usage. Loaded Objects now: 2384.
Total: 2.650835 ms (FindLiveObjects: 0.212727 ms CreateObjectMapping: 0.077956 ms MarkObjects: 2.319192 ms  DeleteObjects: 0.039308 ms)

========================================================================
Received Prepare
Registering precompiled user dll's ...
Registered in 0.008043 seconds.
Begin MonoManager ReloadAssembly
Native extension for LinuxStandalone target not found
Native extension for WindowsStandalone target not found
Native extension for WebGL target not found
Refreshing native plugins compatible for Editor in 0.57 ms, found 1 plugins.
Preloading 0 native plugins for Editor in 0.00 ms.
Mono: successfully reloaded assembly
- Completed reload, in  1.207 seconds
Platform modules already initialized, skipping
Refreshing native plugins compatible for Editor in 0.57 ms, found 1 plugins.
Preloading 0 native plugins for Editor in 0.00 ms.
Unloading 1771 Unused Serialized files (Serialized files now loaded: 0)
System memory in use before: 174.8 MB.
System memory in use after: 174.9 MB.

Unloading 25 unused Assets to reduce memory usage. Loaded Objects now: 2387.
Total: 2.843743 ms (FindLiveObjects: 0.212397 ms CreateObjectMapping: 0.077956 ms MarkObjects: 2.508466 ms  DeleteObjects: 0.042942 ms)

========================================================================
Received Prepare
Registering precompiled user dll's ...
Registered in 0.007935 seconds.
Begin MonoManager ReloadAssembly
Native extension for LinuxStandalone target not found
Native extension for WindowsStandalone target not found
Native extension for WebGL target not found
Refreshing native plugins compatible for Editor in 0.59 ms, found 1 plugins.
Preloading 0 native plugins for Editor in 0.00 ms.
Mono: successfully reloaded assembly
- Completed reload, in  1.212 seconds
Platform modules already initialized, skipping
Refreshing native plugins compatible for Editor in 0.57 ms, found 1 plugins.
Preloading 0 native plugins for Editor in 0.00 ms.
Unloading 1771 Unused Serialized files (Serialized files now loaded: 0)
System memory in use before: 174.8 MB.
System memory in use after: 174.9 MB.

Unloading 25 unused Assets to reduce memory usage. Loaded Objects now: 2390.
Total: 2.939537 ms (FindLiveObjects: 0.209094 ms CreateObjectMapping: 0.075974 ms MarkObjects: 2.615821 ms  DeleteObjects: 0.036996 ms)

========================================================================
Received Prepare
Registering precompiled user dll's ...
Registered in 0.008092 seconds.
Begin MonoManager ReloadAssembly
Native extension for LinuxStandalone target not found
Native extension for WindowsStandalone target not found
Native extension for WebGL target not found
Refreshing native plugins compatible for Editor in 0.75 ms, found 1 plugins.
Preloading 0 native plugins for Editor in 0.00 ms.
Mono: successfully reloaded assembly
- Completed reload, in  1.418 seconds
Platform modules already initialized, skipping
Refreshing native plugins compatible for Editor in 0.71 ms, found 1 plugins.
Preloading 0 native plugins for Editor in 0.00 ms.
Unloading 1771 Unused Serialized files (Serialized files now loaded: 0)
System memory in use before: 174.8 MB.
System memory in use after: 174.9 MB.

Unloading 25 unused Assets to reduce memory usage. Loaded Objects now: 2393.
Total: 2.758190 ms (FindLiveObjects: 0.211406 ms CreateObjectMapping: 0.075313 ms MarkObjects: 2.429189 ms  DeleteObjects: 0.039969 ms)

========================================================================
Received Prepare
Registering precompiled user dll's ...
Registered in 0.010060 seconds.
Begin MonoManager ReloadAssembly
Native extension for LinuxStandalone target not found
Native extension for WindowsStandalone target not found
Native extension for WebGL target not found
Refreshing native plugins compatible for Editor in 0.59 ms, found 1 plugins.
Preloading 0 native plugins for Editor in 0.00 ms.
Mono: successfully reloaded assembly
- Completed reload, in  1.683 seconds
Platform modules already initialized, skipping
Refreshing native plugins compatible for Editor in 0.57 ms, found 1 plugins.
Preloading 0 native plugins for Editor in 0.00 ms.
Unloading 1771 Unused Serialized files (Serialized files now loaded: 0)
System memory in use before: 174.8 MB.
System memory in use after: 174.9 MB.

Unloading 25 unused Assets to reduce memory usage. Loaded Objects now: 2396.
Total: 2.647862 ms (FindLiveObjects: 0.221316 ms CreateObjectMapping: 0.081259 ms MarkObjects: 2.311594 ms  DeleteObjects: 0.031050 ms)

========================================================================
Received Prepare
Registering precompiled user dll's ...
Registered in 0.008287 seconds.
Begin MonoManager ReloadAssembly
Native extension for LinuxStandalone target not found
Native extension for WindowsStandalone target not found
Native extension for WebGL target not found
Refreshing native plugins compatible for Editor in 0.61 ms, found 1 plugins.
Preloading 0 native plugins for Editor in 0.00 ms.
Mono: successfully reloaded assembly
- Completed reload, in  1.338 seconds
Platform modules already initialized, skipping
Refreshing native plugins compatible for Editor in 0.57 ms, found 1 plugins.
Preloading 0 native plugins for Editor in 0.00 ms.
Unloading 1771 Unused Serialized files (Serialized files now loaded: 0)
System memory in use before: 174.8 MB.
System memory in use after: 174.9 MB.

Unloading 25 unused Assets to reduce memory usage. Loaded Objects now: 2399.
Total: 2.822933 ms (FindLiveObjects: 0.360712 ms CreateObjectMapping: 0.078617 ms MarkObjects: 2.347930 ms  DeleteObjects: 0.033363 ms)

========================================================================
Received Prepare
Registering precompiled user dll's ...
Registered in 0.008375 seconds.
Begin MonoManager ReloadAssembly
Native extension for LinuxStandalone target not found
Native extension for WindowsStandalone target not found
Native extension for WebGL target not found
Refreshing native plugins compatible for Editor in 0.60 ms, found 1 plugins.
Preloading 0 native plugins for Editor in 0.00 ms.
Mono: successfully reloaded assembly
- Completed reload, in  1.507 seconds
Platform modules already initialized, skipping
Refreshing native plugins compatible for Editor in 0.60 ms, found 1 plugins.
Preloading 0 native plugins for Editor in 0.00 ms.
Unloading 1771 Unused Serialized files (Serialized files now loaded: 0)
System memory in use before: 174.8 MB.
System memory in use after: 174.9 MB.

Unloading 25 unused Assets to reduce memory usage. Loaded Objects now: 2402.
Total: 4.288572 ms (FindLiveObjects: 0.564851 ms CreateObjectMapping: 0.128165 ms MarkObjects: 3.557569 ms  DeleteObjects: 0.035344 ms)

========================================================================
Received Prepare
Registering precompiled user dll's ...
Registered in 0.007765 seconds.
Begin MonoManager ReloadAssembly
Native extension for LinuxStandalone target not found
Native extension for WindowsStandalone target not found
Native extension for WebGL target not found
Refreshing native plugins compatible for Editor in 0.58 ms, found 1 plugins.
Preloading 0 native plugins for Editor in 0.00 ms.
Mono: successfully reloaded assembly
- Completed reload, in  1.670 seconds
Platform modules already initialized, skipping
Refreshing native plugins compatible for Editor in 0.64 ms, found 1 plugins.
Preloading 0 native plugins for Editor in 0.00 ms.
Unloading 1771 Unused Serialized files (Serialized files now loaded: 0)
System memory in use before: 174.8 MB.
System memory in use after: 174.9 MB.

Unloading 25 unused Assets to reduce memory usage. Loaded Objects now: 2405.
Total: 2.417297 ms (FindLiveObjects: 0.243117 ms CreateObjectMapping: 0.083902 ms MarkObjects: 2.050970 ms  DeleteObjects: 0.037657 ms)

========================================================================
Received Prepare
Registering precompiled user dll's ...
Registered in 0.008081 seconds.
Begin MonoManager ReloadAssembly
Native extension for LinuxStandalone target not found
Native extension for WindowsStandalone target not found
Native extension for WebGL target not found
Refreshing native plugins compatible for Editor in 0.69 ms, found 1 plugins.
Preloading 0 native plugins for Editor in 0.00 ms.
Mono: successfully reloaded assembly
- Completed reload, in  1.215 seconds
Platform modules already initialized, skipping
Refreshing native plugins compatible for Editor in 0.61 ms, found 1 plugins.
Preloading 0 native plugins for Editor in 0.00 ms.
Unloading 1771 Unused Serialized files (Serialized files now loaded: 0)
System memory in use before: 174.8 MB.
System memory in use after: 174.9 MB.

Unloading 25 unused Assets to reduce memory usage. Loaded Objects now: 2408.
Total: 3.203464 ms (FindLiveObjects: 0.225280 ms CreateObjectMapping: 0.077956 ms MarkObjects: 2.868517 ms  DeleteObjects: 0.029399 ms)

========================================================================
Received Prepare
Registering precompiled user dll's ...
Registered in 0.008059 seconds.
Begin MonoManager ReloadAssembly
Native extension for LinuxStandalone target not found
Native extension for WindowsStandalone target not found
Native extension for WebGL target not found
Refreshing native plugins compatible for Editor in 0.89 ms, found 1 plugins.
Preloading 0 native plugins for Editor in 0.00 ms.
Mono: successfully reloaded assembly
- Completed reload, in  1.495 seconds
Platform modules already initialized, skipping
Refreshing native plugins compatible for Editor in 0.62 ms, found 1 plugins.
Preloading 0 native plugins for Editor in 0.00 ms.
Unloading 1771 Unused Serialized files (Serialized files now loaded: 0)
System memory in use before: 174.8 MB.
System memory in use after: 174.9 MB.

Unloading 25 unused Assets to reduce memory usage. Loaded Objects now: 2411.
Total: 2.882391 ms (FindLiveObjects: 0.236511 ms CreateObjectMapping: 0.138075 ms MarkObjects: 2.474113 ms  DeleteObjects: 0.031381 ms)

========================================================================
Received Prepare
Registering precompiled user dll's ...
Registered in 0.008514 seconds.
Begin MonoManager ReloadAssembly
Native extension for LinuxStandalone target not found
Native extension for WindowsStandalone target not found
Native extension for WebGL target not found
Refreshing native plugins compatible for Editor in 0.58 ms, found 1 plugins.
Preloading 0 native plugins for Editor in 0.00 ms.
Mono: successfully reloaded assembly
- Completed reload, in  1.462 seconds
Platform modules already initialized, skipping
Refreshing native plugins compatible for Editor in 0.65 ms, found 1 plugins.
Preloading 0 native plugins for Editor in 0.00 ms.
Unloading 1771 Unused Serialized files (Serialized files now loaded: 0)
System memory in use before: 174.8 MB.
System memory in use after: 174.9 MB.

Unloading 25 unused Assets to reduce memory usage. Loaded Objects now: 2414.
Total: 2.697410 ms (FindLiveObjects: 0.231886 ms CreateObjectMapping: 0.077626 ms MarkObjects: 2.328110 ms  DeleteObjects: 0.057806 ms)

========================================================================
Received Prepare
Registering precompiled user dll's ...
Registered in 0.007913 seconds.
Begin MonoManager ReloadAssembly
Native extension for LinuxStandalone target not found
Native extension for WindowsStandalone target not found
Native extension for WebGL target not found
Refreshing native plugins compatible for Editor in 0.56 ms, found 1 plugins.
Preloading 0 native plugins for Editor in 0.00 ms.
Mono: successfully reloaded assembly
- Completed reload, in  1.238 seconds
Platform modules already initialized, skipping
Refreshing native plugins compatible for Editor in 0.64 ms, found 1 plugins.
Preloading 0 native plugins for Editor in 0.00 ms.
Unloading 1771 Unused Serialized files (Serialized files now loaded: 0)
System memory in use before: 174.8 MB.
System memory in use after: 174.9 MB.

Unloading 25 unused Assets to reduce memory usage. Loaded Objects now: 2417.
Total: 2.854313 ms (FindLiveObjects: 0.228253 ms CreateObjectMapping: 0.077626 ms MarkObjects: 2.507806 ms  DeleteObjects: 0.038317 ms)

========================================================================
Received Prepare
Registering precompiled user dll's ...
Registered in 0.008242 seconds.
Begin MonoManager ReloadAssembly
Native extension for LinuxStandalone target not found
Native extension for WindowsStandalone target not found
Native extension for WebGL target not found
Refreshing native plugins compatible for Editor in 0.56 ms, found 1 plugins.
Preloading 0 native plugins for Editor in 0.00 ms.
Mono: successfully reloaded assembly
- Completed reload, in  1.441 seconds
Platform modules already initialized, skipping
Refreshing native plugins compatible for Editor in 0.58 ms, found 1 plugins.
Preloading 0 native plugins for Editor in 0.00 ms.
Unloading 1771 Unused Serialized files (Serialized files now loaded: 0)
System memory in use before: 174.8 MB.
System memory in use after: 174.9 MB.

Unloading 25 unused Assets to reduce memory usage. Loaded Objects now: 2420.
Total: 2.692456 ms (FindLiveObjects: 0.271855 ms CreateObjectMapping: 0.085223 ms MarkObjects: 2.293757 ms  DeleteObjects: 0.039308 ms)

========================================================================
Received Prepare
Registering precompiled user dll's ...
Registered in 0.010230 seconds.
Begin MonoManager ReloadAssembly
Native extension for LinuxStandalone target not found
Native extension for WindowsStandalone target not found
Native extension for WebGL target not found
Refreshing native plugins compatible for Editor in 0.58 ms, found 1 plugins.
Preloading 0 native plugins for Editor in 0.00 ms.
Mono: successfully reloaded assembly
- Completed reload, in  1.295 seconds
Platform modules already initialized, skipping
Refreshing native plugins compatible for Editor in 0.62 ms, found 1 plugins.
Preloading 0 native plugins for Editor in 0.00 ms.
Unloading 1771 Unused Serialized files (Serialized files now loaded: 0)
System memory in use before: 174.8 MB.
System memory in use after: 174.9 MB.

Unloading 25 unused Assets to reduce memory usage. Loaded Objects now: 2423.
Total: 2.558014 ms (FindLiveObjects: 0.218343 ms CreateObjectMapping: 0.078286 ms MarkObjects: 2.220756 ms  DeleteObjects: 0.038648 ms)

========================================================================
Received Prepare
Registering precompiled user dll's ...
Registered in 0.007949 seconds.
Begin MonoManager ReloadAssembly
Native extension for LinuxStandalone target not found
Native extension for WindowsStandalone target not found
Native extension for WebGL target not found
Refreshing native plugins compatible for Editor in 0.58 ms, found 1 plugins.
Preloading 0 native plugins for Editor in 0.00 ms.
Mono: successfully reloaded assembly
- Completed reload, in  1.321 seconds
Platform modules already initialized, skipping
Refreshing native plugins compatible for Editor in 0.64 ms, found 1 plugins.
Preloading 0 native plugins for Editor in 0.00 ms.
Unloading 1771 Unused Serialized files (Serialized files now loaded: 0)
System memory in use before: 174.8 MB.
System memory in use after: 174.9 MB.

Unloading 25 unused Assets to reduce memory usage. Loaded Objects now: 2426.
Total: 3.325353 ms (FindLiveObjects: 0.220325 ms CreateObjectMapping: 0.080929 ms MarkObjects: 2.987433 ms  DeleteObjects: 0.033693 ms)

========================================================================
Received Prepare
Registering precompiled user dll's ...
Registered in 0.007912 seconds.
Begin MonoManager ReloadAssembly
Native extension for LinuxStandalone target not found
Native extension for WindowsStandalone target not found
Native extension for WebGL target not found
Refreshing native plugins compatible for Editor in 0.65 ms, found 1 plugins.
Preloading 0 native plugins for Editor in 0.00 ms.
Mono: successfully reloaded assembly
- Completed reload, in  1.254 seconds
Platform modules already initialized, skipping
Refreshing native plugins compatible for Editor in 0.64 ms, found 1 plugins.
Preloading 0 native plugins for Editor in 0.00 ms.
Unloading 1771 Unused Serialized files (Serialized files now loaded: 0)
System memory in use before: 174.8 MB.
System memory in use after: 175.0 MB.

Unloading 25 unused Assets to reduce memory usage. Loaded Objects now: 2429.
Total: 2.530267 ms (FindLiveObjects: 0.246090 ms CreateObjectMapping: 0.077626 ms MarkObjects: 2.168565 ms  DeleteObjects: 0.036005 ms)

========================================================================
Received Prepare
Registering precompiled user dll's ...
Registered in 0.008949 seconds.
Begin MonoManager ReloadAssembly
Native extension for LinuxStandalone target not found
Native extension for WindowsStandalone target not found
Native extension for WebGL target not found
Refreshing native plugins compatible for Editor in 0.57 ms, found 1 plugins.
Preloading 0 native plugins for Editor in 0.00 ms.
Mono: successfully reloaded assembly
- Completed reload, in  1.272 seconds
Platform modules already initialized, skipping
Refreshing native plugins compatible for Editor in 0.62 ms, found 1 plugins.
Preloading 0 native plugins for Editor in 0.00 ms.
Unloading 1771 Unused Serialized files (Serialized files now loaded: 0)
System memory in use before: 174.8 MB.
System memory in use after: 175.0 MB.

Unloading 25 unused Assets to reduce memory usage. Loaded Objects now: 2432.
Total: 2.888667 ms (FindLiveObjects: 0.216361 ms CreateObjectMapping: 0.077626 ms MarkObjects: 2.550417 ms  DeleteObjects: 0.041951 ms)

========================================================================
Received Prepare
Registering precompiled user dll's ...
Registered in 0.008362 seconds.
Begin MonoManager ReloadAssembly
Native extension for LinuxStandalone target not found
Native extension for WindowsStandalone target not found
Native extension for WebGL target not found
Refreshing native plugins compatible for Editor in 0.60 ms, found 1 plugins.
Preloading 0 native plugins for Editor in 0.00 ms.
Mono: successfully reloaded assembly
- Completed reload, in  2.595 seconds
Platform modules already initialized, skipping
Script is not up to date after domain reload: guid(510e362a8ddc4752bf4cf3dd4115e69d) path("Assets/Scripts/Runtime/Game Logic/Combat System/Element System/Status Effect System/StatusEffectAddResult.cs") state(2)
Refreshing native plugins compatible for Editor in 0.74 ms, found 1 plugins.
Preloading 0 native plugins for Editor in 0.00 ms.
Unloading 1771 Unused Serialized files (Serialized files now loaded: 0)
System memory in use before: 174.8 MB.
System memory in use after: 175.0 MB.

Unloading 25 unused Assets to reduce memory usage. Loaded Objects now: 2435.
Total: 5.249149 ms (FindLiveObjects: 2.595011 ms CreateObjectMapping: 0.313476 ms MarkObjects: 2.306639 ms  DeleteObjects: 0.031381 ms)

========================================================================
Received Prepare
Registering precompiled user dll's ...
Registered in 0.009906 seconds.
Begin MonoManager ReloadAssembly
Native extension for LinuxStandalone target not found
Native extension for WindowsStandalone target not found
Native extension for WebGL target not found
Refreshing native plugins compatible for Editor in 0.62 ms, found 1 plugins.
Preloading 0 native plugins for Editor in 0.00 ms.
Mono: successfully reloaded assembly
- Completed reload, in  1.326 seconds
Platform modules already initialized, skipping
Refreshing native plugins compatible for Editor in 0.63 ms, found 1 plugins.
Preloading 0 native plugins for Editor in 0.00 ms.
Unloading 1772 Unused Serialized files (Serialized files now loaded: 0)
System memory in use before: 174.9 MB.
System memory in use after: 175.0 MB.

Unloading 25 unused Assets to reduce memory usage. Loaded Objects now: 2439.
Total: 2.977193 ms (FindLiveObjects: 0.241135 ms CreateObjectMapping: 0.084562 ms MarkObjects: 2.607893 ms  DeleteObjects: 0.041621 ms)

========================================================================
Received Prepare
Registering precompiled user dll's ...
Registered in 0.008234 seconds.
Begin MonoManager ReloadAssembly
Native extension for LinuxStandalone target not found
Native extension for WindowsStandalone target not found
Native extension for WebGL target not found
Refreshing native plugins compatible for Editor in 0.78 ms, found 1 plugins.
Preloading 0 native plugins for Editor in 0.00 ms.
Mono: successfully reloaded assembly
- Completed reload, in  1.338 seconds
Platform modules already initialized, skipping
Refreshing native plugins compatible for Editor in 0.62 ms, found 1 plugins.
Preloading 0 native plugins for Editor in 0.00 ms.
Unloading 1772 Unused Serialized files (Serialized files now loaded: 0)
System memory in use before: 174.9 MB.
System memory in use after: 175.0 MB.

Unloading 25 unused Assets to reduce memory usage. Loaded Objects now: 2442.
Total: 2.704677 ms (FindLiveObjects: 0.239814 ms CreateObjectMapping: 0.079608 ms MarkObjects: 2.343305 ms  DeleteObjects: 0.039639 ms)

========================================================================
Received Prepare
Registering precompiled user dll's ...
Registered in 0.029379 seconds.
Begin MonoManager ReloadAssembly
Native extension for LinuxStandalone target not found
Native extension for WindowsStandalone target not found
Native extension for WebGL target not found
Refreshing native plugins compatible for Editor in 0.62 ms, found 1 plugins.
Preloading 0 native plugins for Editor in 0.00 ms.
Mono: successfully reloaded assembly
- Completed reload, in  1.340 seconds
Platform modules already initialized, skipping
Refreshing native plugins compatible for Editor in 0.62 ms, found 1 plugins.
Preloading 0 native plugins for Editor in 0.00 ms.
Unloading 1772 Unused Serialized files (Serialized files now loaded: 0)
System memory in use before: 174.9 MB.
System memory in use after: 175.0 MB.

Unloading 25 unused Assets to reduce memory usage. Loaded Objects now: 2445.
Total: 2.602278 ms (FindLiveObjects: 0.221976 ms CreateObjectMapping: 0.078617 ms MarkObjects: 2.266670 ms  DeleteObjects: 0.033032 ms)

========================================================================
Received Prepare
Registering precompiled user dll's ...
Registered in 0.012266 seconds.
Begin MonoManager ReloadAssembly
Native extension for LinuxStandalone target not found
Native extension for WindowsStandalone target not found
Native extension for WebGL target not found
Refreshing native plugins compatible for Editor in 0.56 ms, found 1 plugins.
Preloading 0 native plugins for Editor in 0.00 ms.
Mono: successfully reloaded assembly
- Completed reload, in  1.278 seconds
Platform modules already initialized, skipping
Refreshing native plugins compatible for Editor in 0.61 ms, found 1 plugins.
Preloading 0 native plugins for Editor in 0.00 ms.
Unloading 1772 Unused Serialized files (Serialized files now loaded: 0)
System memory in use before: 174.9 MB.
System memory in use after: 175.0 MB.

Unloading 25 unused Assets to reduce memory usage. Loaded Objects now: 2448.
Total: 2.715578 ms (FindLiveObjects: 0.218013 ms CreateObjectMapping: 0.078947 ms MarkObjects: 2.377989 ms  DeleteObjects: 0.038978 ms)

========================================================================
Received Prepare
Registering precompiled user dll's ...
Registered in 0.008187 seconds.
Begin MonoManager ReloadAssembly
Native extension for LinuxStandalone target not found
Native extension for WindowsStandalone target not found
Native extension for WebGL target not found
Refreshing native plugins compatible for Editor in 0.58 ms, found 1 plugins.
Preloading 0 native plugins for Editor in 0.00 ms.
Mono: successfully reloaded assembly
- Completed reload, in  1.296 seconds
Platform modules already initialized, skipping
Refreshing native plugins compatible for Editor in 0.56 ms, found 1 plugins.
Preloading 0 native plugins for Editor in 0.00 ms.
Unloading 1772 Unused Serialized files (Serialized files now loaded: 0)
System memory in use before: 174.9 MB.
System memory in use after: 175.0 MB.

Unloading 25 unused Assets to reduce memory usage. Loaded Objects now: 2451.
Total: 2.984460 ms (FindLiveObjects: 0.211406 ms CreateObjectMapping: 0.076635 ms MarkObjects: 2.655790 ms  DeleteObjects: 0.039308 ms)

========================================================================
Received Prepare
Registering precompiled user dll's ...
Registered in 0.008615 seconds.
Begin MonoManager ReloadAssembly
Native extension for LinuxStandalone target not found
Native extension for WindowsStandalone target not found
Native extension for WebGL target not found
Refreshing native plugins compatible for Editor in 0.60 ms, found 1 plugins.
Preloading 0 native plugins for Editor in 0.00 ms.
Mono: successfully reloaded assembly
- Completed reload, in  1.930 seconds
Platform modules already initialized, skipping
Refreshing native plugins compatible for Editor in 0.58 ms, found 1 plugins.
Preloading 0 native plugins for Editor in 0.00 ms.
Unloading 1772 Unused Serialized files (Serialized files now loaded: 0)
System memory in use before: 174.9 MB.
System memory in use after: 175.0 MB.

Unloading 25 unused Assets to reduce memory usage. Loaded Objects now: 2454.
Total: 3.872366 ms (FindLiveObjects: 1.467951 ms CreateObjectMapping: 0.105042 ms MarkObjects: 2.262707 ms  DeleteObjects: 0.034354 ms)

========================================================================
Received Prepare
Registering precompiled user dll's ...
Registered in 0.008214 seconds.
Begin MonoManager ReloadAssembly
Native extension for LinuxStandalone target not found
Native extension for WindowsStandalone target not found
Native extension for WebGL target not found
Refreshing native plugins compatible for Editor in 0.65 ms, found 1 plugins.
Preloading 0 native plugins for Editor in 0.00 ms.
Mono: successfully reloaded assembly
- Completed reload, in  1.223 seconds
Platform modules already initialized, skipping
Refreshing native plugins compatible for Editor in 0.59 ms, found 1 plugins.
Preloading 0 native plugins for Editor in 0.00 ms.
Unloading 1772 Unused Serialized files (Serialized files now loaded: 0)
System memory in use before: 174.9 MB.
System memory in use after: 175.0 MB.

Unloading 25 unused Assets to reduce memory usage. Loaded Objects now: 2457.
Total: 2.723506 ms (FindLiveObjects: 0.252036 ms CreateObjectMapping: 0.104051 ms MarkObjects: 2.322164 ms  DeleteObjects: 0.043272 ms)

========================================================================
Received Prepare
Registering precompiled user dll's ...
Registered in 0.008447 seconds.
Begin MonoManager ReloadAssembly
Native extension for LinuxStandalone target not found
Native extension for WindowsStandalone target not found
Native extension for WebGL target not found
Refreshing native plugins compatible for Editor in 0.56 ms, found 1 plugins.
Preloading 0 native plugins for Editor in 0.00 ms.
Mono: successfully reloaded assembly
- Completed reload, in  1.329 seconds
Platform modules already initialized, skipping
Refreshing native plugins compatible for Editor in 0.65 ms, found 1 plugins.
Preloading 0 native plugins for Editor in 0.00 ms.
Unloading 1772 Unused Serialized files (Serialized files now loaded: 0)
System memory in use before: 174.9 MB.
System memory in use after: 175.0 MB.

Unloading 25 unused Assets to reduce memory usage. Loaded Objects now: 2460.
Total: 2.954731 ms (FindLiveObjects: 0.544701 ms CreateObjectMapping: 0.104712 ms MarkObjects: 2.271956 ms  DeleteObjects: 0.030390 ms)

========================================================================
Received Prepare
Registering precompiled user dll's ...
Registered in 0.007982 seconds.
Begin MonoManager ReloadAssembly
Native extension for LinuxStandalone target not found
Native extension for WindowsStandalone target not found
Native extension for WebGL target not found
Refreshing native plugins compatible for Editor in 0.58 ms, found 1 plugins.
Preloading 0 native plugins for Editor in 0.00 ms.
Mono: successfully reloaded assembly
- Completed reload, in  1.382 seconds
Platform modules already initialized, skipping
Refreshing native plugins compatible for Editor in 0.58 ms, found 1 plugins.
Preloading 0 native plugins for Editor in 0.00 ms.
Unloading 1772 Unused Serialized files (Serialized files now loaded: 0)
System memory in use before: 174.9 MB.
System memory in use after: 175.1 MB.

Unloading 25 unused Assets to reduce memory usage. Loaded Objects now: 2463.
Total: 2.797828 ms (FindLiveObjects: 0.243447 ms CreateObjectMapping: 0.084893 ms MarkObjects: 2.432822 ms  DeleteObjects: 0.034684 ms)

========================================================================
Received Prepare
Registering precompiled user dll's ...
Registered in 0.008016 seconds.
Begin MonoManager ReloadAssembly
Native extension for LinuxStandalone target not found
Native extension for WindowsStandalone target not found
Native extension for WebGL target not found
Refreshing native plugins compatible for Editor in 0.79 ms, found 1 plugins.
Preloading 0 native plugins for Editor in 0.00 ms.
Mono: successfully reloaded assembly
- Completed reload, in  1.303 seconds
Platform modules already initialized, skipping
Refreshing native plugins compatible for Editor in 0.57 ms, found 1 plugins.
Preloading 0 native plugins for Editor in 0.00 ms.
Unloading 1772 Unused Serialized files (Serialized files now loaded: 0)
System memory in use before: 174.9 MB.
System memory in use after: 175.1 MB.

Unloading 25 unused Assets to reduce memory usage. Loaded Objects now: 2466.
Total: 3.665585 ms (FindLiveObjects: 0.295969 ms CreateObjectMapping: 0.186962 ms MarkObjects: 3.140372 ms  DeleteObjects: 0.039639 ms)

========================================================================
Received Prepare
Registering precompiled user dll's ...
Registered in 0.009689 seconds.
Begin MonoManager ReloadAssembly
Native extension for LinuxStandalone target not found
Native extension for WindowsStandalone target not found
Native extension for WebGL target not found
Refreshing native plugins compatible for Editor in 0.61 ms, found 1 plugins.
Preloading 0 native plugins for Editor in 0.00 ms.
Mono: successfully reloaded assembly
- Completed reload, in  1.296 seconds
Platform modules already initialized, skipping
Refreshing native plugins compatible for Editor in 0.58 ms, found 1 plugins.
Preloading 0 native plugins for Editor in 0.00 ms.
Unloading 1772 Unused Serialized files (Serialized files now loaded: 0)
System memory in use before: 175.0 MB.
System memory in use after: 175.1 MB.

Unloading 25 unused Assets to reduce memory usage. Loaded Objects now: 2469.
Total: 2.735067 ms (FindLiveObjects: 0.226271 ms CreateObjectMapping: 0.079277 ms MarkObjects: 2.396157 ms  DeleteObjects: 0.031050 ms)

========================================================================
Received Prepare
Registering precompiled user dll's ...
Registered in 0.007574 seconds.
Begin MonoManager ReloadAssembly
Native extension for LinuxStandalone target not found
Native extension for WindowsStandalone target not found
Native extension for WebGL target not found
Refreshing native plugins compatible for Editor in 0.59 ms, found 1 plugins.
Preloading 0 native plugins for Editor in 0.00 ms.
Mono: successfully reloaded assembly
- Completed reload, in  1.250 seconds
Platform modules already initialized, skipping
Refreshing native plugins compatible for Editor in 0.57 ms, found 1 plugins.
Preloading 0 native plugins for Editor in 0.00 ms.
Unloading 1772 Unused Serialized files (Serialized files now loaded: 0)
System memory in use before: 175.0 MB.
System memory in use after: 175.1 MB.

Unloading 25 unused Assets to reduce memory usage. Loaded Objects now: 2472.
Total: 3.043258 ms (FindLiveObjects: 0.221316 ms CreateObjectMapping: 0.076304 ms MarkObjects: 2.705338 ms  DeleteObjects: 0.038978 ms)

========================================================================
Received Prepare
Registering precompiled user dll's ...
Registered in 0.009330 seconds.
Begin MonoManager ReloadAssembly
Native extension for LinuxStandalone target not found
Native extension for WindowsStandalone target not found
Native extension for WebGL target not found
Refreshing native plugins compatible for Editor in 0.56 ms, found 1 plugins.
Preloading 0 native plugins for Editor in 0.00 ms.
Mono: successfully reloaded assembly
- Completed reload, in  1.315 seconds
Platform modules already initialized, skipping
Refreshing native plugins compatible for Editor in 0.61 ms, found 1 plugins.
Preloading 0 native plugins for Editor in 0.00 ms.
Unloading 1772 Unused Serialized files (Serialized files now loaded: 0)
System memory in use before: 175.0 MB.
System memory in use after: 175.1 MB.

Unloading 25 unused Assets to reduce memory usage. Loaded Objects now: 2475.
Total: 2.867526 ms (FindLiveObjects: 0.223298 ms CreateObjectMapping: 0.078947 ms MarkObjects: 2.511439 ms  DeleteObjects: 0.051530 ms)

========================================================================
Received Prepare
Registering precompiled user dll's ...
Registered in 0.008275 seconds.
Begin MonoManager ReloadAssembly
Native extension for LinuxStandalone target not found
Native extension for WindowsStandalone target not found
Native extension for WebGL target not found
Refreshing native plugins compatible for Editor in 0.59 ms, found 1 plugins.
Preloading 0 native plugins for Editor in 0.00 ms.
Mono: successfully reloaded assembly
- Completed reload, in  1.811 seconds
Platform modules already initialized, skipping
Refreshing native plugins compatible for Editor in 0.63 ms, found 1 plugins.
Preloading 0 native plugins for Editor in 0.00 ms.
Unloading 1773 Unused Serialized files (Serialized files now loaded: 0)
System memory in use before: 175.0 MB.
System memory in use after: 175.1 MB.

Unloading 25 unused Assets to reduce memory usage. Loaded Objects now: 2479.
Total: 2.838458 ms (FindLiveObjects: 0.345847 ms CreateObjectMapping: 0.089517 ms MarkObjects: 2.369731 ms  DeleteObjects: 0.031050 ms)

========================================================================
Received Prepare
Registering precompiled user dll's ...
Registered in 0.012167 seconds.
Begin MonoManager ReloadAssembly
Native extension for LinuxStandalone target not found
Native extension for WindowsStandalone target not found
Native extension for WebGL target not found
Refreshing native plugins compatible for Editor in 0.60 ms, found 1 plugins.
Preloading 0 native plugins for Editor in 0.00 ms.
Mono: successfully reloaded assembly
- Completed reload, in  1.265 seconds
Platform modules already initialized, skipping
Refreshing native plugins compatible for Editor in 0.75 ms, found 1 plugins.
Preloading 0 native plugins for Editor in 0.00 ms.
Unloading 1773 Unused Serialized files (Serialized files now loaded: 0)
System memory in use before: 175.0 MB.
System memory in use after: 175.1 MB.

Unloading 25 unused Assets to reduce memory usage. Loaded Objects now: 2482.
Total: 3.414209 ms (FindLiveObjects: 0.394074 ms CreateObjectMapping: 0.149966 ms MarkObjects: 2.837137 ms  DeleteObjects: 0.030720 ms)

========================================================================
Received Prepare
Registering precompiled user dll's ...
Registered in 0.009918 seconds.
Begin MonoManager ReloadAssembly
Native extension for LinuxStandalone target not found
Native extension for WindowsStandalone target not found
Native extension for WebGL target not found
Refreshing native plugins compatible for Editor in 0.72 ms, found 1 plugins.
Preloading 0 native plugins for Editor in 0.00 ms.
Mono: successfully reloaded assembly
- Completed reload, in  1.599 seconds
Platform modules already initialized, skipping
Refreshing native plugins compatible for Editor in 1.25 ms, found 1 plugins.
Preloading 0 native plugins for Editor in 0.00 ms.
Unloading 1773 Unused Serialized files (Serialized files now loaded: 0)
System memory in use before: 175.0 MB.
System memory in use after: 175.1 MB.

Unloading 25 unused Assets to reduce memory usage. Loaded Objects now: 2485.
Total: 3.568140 ms (FindLiveObjects: 0.320082 ms CreateObjectMapping: 0.143029 ms MarkObjects: 3.060434 ms  DeleteObjects: 0.041951 ms)

========================================================================
Received Prepare
Registering precompiled user dll's ...
Registered in 0.008822 seconds.
Begin MonoManager ReloadAssembly
Native extension for LinuxStandalone target not found
Native extension for WindowsStandalone target not found
Native extension for WebGL target not found
Refreshing native plugins compatible for Editor in 0.58 ms, found 1 plugins.
Preloading 0 native plugins for Editor in 0.00 ms.
Mono: successfully reloaded assembly
- Completed reload, in  1.254 seconds
Platform modules already initialized, skipping
Refreshing native plugins compatible for Editor in 0.64 ms, found 1 plugins.
Preloading 0 native plugins for Editor in 0.00 ms.
Unloading 1773 Unused Serialized files (Serialized files now loaded: 0)
System memory in use before: 175.0 MB.
System memory in use after: 175.1 MB.

Unloading 25 unused Assets to reduce memory usage. Loaded Objects now: 2488.
Total: 3.610090 ms (FindLiveObjects: 0.233207 ms CreateObjectMapping: 0.081259 ms MarkObjects: 3.263913 ms  DeleteObjects: 0.029729 ms)

========================================================================
Received Prepare
Registering precompiled user dll's ...
Registered in 0.008591 seconds.
Begin MonoManager ReloadAssembly
Native extension for LinuxStandalone target not found
Native extension for WindowsStandalone target not found
Native extension for WebGL target not found
Refreshing native plugins compatible for Editor in 0.57 ms, found 1 plugins.
Preloading 0 native plugins for Editor in 0.00 ms.
Mono: successfully reloaded assembly
- Completed reload, in  1.277 seconds
Platform modules already initialized, skipping
Refreshing native plugins compatible for Editor in 0.64 ms, found 1 plugins.
Preloading 0 native plugins for Editor in 0.00 ms.
Unloading 1773 Unused Serialized files (Serialized files now loaded: 0)
System memory in use before: 175.0 MB.
System memory in use after: 175.1 MB.

Unloading 25 unused Assets to reduce memory usage. Loaded Objects now: 2491.
Total: 2.745968 ms (FindLiveObjects: 0.225610 ms CreateObjectMapping: 0.092821 ms MarkObjects: 2.395166 ms  DeleteObjects: 0.030720 ms)

========================================================================
Received Prepare
Registering precompiled user dll's ...
Registered in 0.008200 seconds.
Begin MonoManager ReloadAssembly
Native extension for LinuxStandalone target not found
Native extension for WindowsStandalone target not found
Native extension for WebGL target not found
Refreshing native plugins compatible for Editor in 0.57 ms, found 1 plugins.
Preloading 0 native plugins for Editor in 0.00 ms.
Mono: successfully reloaded assembly
- Completed reload, in  1.215 seconds
Platform modules already initialized, skipping
Refreshing native plugins compatible for Editor in 0.65 ms, found 1 plugins.
Preloading 0 native plugins for Editor in 0.00 ms.
Unloading 1772 Unused Serialized files (Serialized files now loaded: 0)
System memory in use before: 175.0 MB.
System memory in use after: 175.1 MB.

Unloading 26 unused Assets to reduce memory usage. Loaded Objects now: 2493.
Total: 3.266886 ms (FindLiveObjects: 0.227262 ms CreateObjectMapping: 0.141378 ms MarkObjects: 2.851341 ms  DeleteObjects: 0.044924 ms)

========================================================================
Received Prepare
Registering precompiled user dll's ...
Registered in 0.009802 seconds.
Begin MonoManager ReloadAssembly
Native extension for LinuxStandalone target not found
Native extension for WindowsStandalone target not found
Native extension for WebGL target not found
Refreshing native plugins compatible for Editor in 0.59 ms, found 1 plugins.
Preloading 0 native plugins for Editor in 0.00 ms.
Mono: successfully reloaded assembly
- Completed reload, in  1.228 seconds
Platform modules already initialized, skipping
Refreshing native plugins compatible for Editor in 0.80 ms, found 1 plugins.
Preloading 0 native plugins for Editor in 0.00 ms.
Unloading 1772 Unused Serialized files (Serialized files now loaded: 0)
System memory in use before: 175.0 MB.
System memory in use after: 175.1 MB.

Unloading 25 unused Assets to reduce memory usage. Loaded Objects now: 2496.
Total: 3.102716 ms (FindLiveObjects: 0.245760 ms CreateObjectMapping: 0.081920 ms MarkObjects: 2.737049 ms  DeleteObjects: 0.035014 ms)

========================================================================
Received Prepare
Registering precompiled user dll's ...
Registered in 0.007744 seconds.
Begin MonoManager ReloadAssembly
Native extension for LinuxStandalone target not found
Native extension for WindowsStandalone target not found
Native extension for WebGL target not found
Refreshing native plugins compatible for Editor in 0.60 ms, found 1 plugins.
Preloading 0 native plugins for Editor in 0.00 ms.
Mono: successfully reloaded assembly
- Completed reload, in  1.231 seconds
Platform modules already initialized, skipping
Refreshing native plugins compatible for Editor in 0.65 ms, found 1 plugins.
Preloading 0 native plugins for Editor in 0.00 ms.
Unloading 1772 Unused Serialized files (Serialized files now loaded: 0)
System memory in use before: 175.0 MB.
System memory in use after: 175.1 MB.

Unloading 25 unused Assets to reduce memory usage. Loaded Objects now: 2499.
Total: 3.106680 ms (FindLiveObjects: 0.237502 ms CreateObjectMapping: 0.077626 ms MarkObjects: 2.755877 ms  DeleteObjects: 0.034023 ms)

========================================================================
Received Prepare
Registering precompiled user dll's ...
Registered in 0.007918 seconds.
Begin MonoManager ReloadAssembly
Native extension for LinuxStandalone target not found
Native extension for WindowsStandalone target not found
Native extension for WebGL target not found
Refreshing native plugins compatible for Editor in 0.57 ms, found 1 plugins.
Preloading 0 native plugins for Editor in 0.00 ms.
Mono: successfully reloaded assembly
- Completed reload, in  1.237 seconds
Platform modules already initialized, skipping
Refreshing native plugins compatible for Editor in 0.63 ms, found 1 plugins.
Preloading 0 native plugins for Editor in 0.00 ms.
Unloading 1772 Unused Serialized files (Serialized files now loaded: 0)
System memory in use before: 175.0 MB.
System memory in use after: 175.1 MB.

Unloading 25 unused Assets to reduce memory usage. Loaded Objects now: 2502.
Total: 2.676600 ms (FindLiveObjects: 0.232216 ms CreateObjectMapping: 0.079938 ms MarkObjects: 2.324146 ms  DeleteObjects: 0.038317 ms)

========================================================================
Received Prepare
Registering precompiled user dll's ...
Registered in 0.009946 seconds.
Begin MonoManager ReloadAssembly
Native extension for LinuxStandalone target not found
Native extension for WindowsStandalone target not found
Native extension for WebGL target not found
Refreshing native plugins compatible for Editor in 0.58 ms, found 1 plugins.
Preloading 0 native plugins for Editor in 0.00 ms.
Mono: successfully reloaded assembly
- Completed reload, in  1.321 seconds
Platform modules already initialized, skipping
Refreshing native plugins compatible for Editor in 0.65 ms, found 1 plugins.
Preloading 0 native plugins for Editor in 0.00 ms.
Unloading 1772 Unused Serialized files (Serialized files now loaded: 0)
System memory in use before: 175.0 MB.
System memory in use after: 175.1 MB.

Unloading 25 unused Assets to reduce memory usage. Loaded Objects now: 2505.
Total: 2.798819 ms (FindLiveObjects: 0.262936 ms CreateObjectMapping: 0.083571 ms MarkObjects: 2.413664 ms  DeleteObjects: 0.036335 ms)

========================================================================
Received Prepare
Registering precompiled user dll's ...
Registered in 0.010840 seconds.
Begin MonoManager ReloadAssembly
Native extension for LinuxStandalone target not found
Native extension for WindowsStandalone target not found
Native extension for WebGL target not found
Refreshing native plugins compatible for Editor in 0.59 ms, found 1 plugins.
Preloading 0 native plugins for Editor in 0.00 ms.
Mono: successfully reloaded assembly
- Completed reload, in  1.507 seconds
Platform modules already initialized, skipping
Refreshing native plugins compatible for Editor in 0.58 ms, found 1 plugins.
Preloading 0 native plugins for Editor in 0.00 ms.
Unloading 1772 Unused Serialized files (Serialized files now loaded: 0)
System memory in use before: 175.0 MB.
System memory in use after: 175.1 MB.

Unloading 25 unused Assets to reduce memory usage. Loaded Objects now: 2508.
Total: 2.743656 ms (FindLiveObjects: 0.231556 ms CreateObjectMapping: 0.079608 ms MarkObjects: 2.400451 ms  DeleteObjects: 0.029729 ms)

========================================================================
Received Prepare
Registering precompiled user dll's ...
Registered in 0.008140 seconds.
Begin MonoManager ReloadAssembly
Native extension for LinuxStandalone target not found
Native extension for WindowsStandalone target not found
Native extension for WebGL target not found
Refreshing native plugins compatible for Editor in 0.60 ms, found 1 plugins.
Preloading 0 native plugins for Editor in 0.00 ms.
Mono: successfully reloaded assembly
- Completed reload, in  1.509 seconds
Platform modules already initialized, skipping
Refreshing native plugins compatible for Editor in 0.63 ms, found 1 plugins.
Preloading 0 native plugins for Editor in 0.00 ms.
Unloading 1772 Unused Serialized files (Serialized files now loaded: 0)
System memory in use before: 175.0 MB.
System memory in use after: 175.1 MB.

Unloading 25 unused Assets to reduce memory usage. Loaded Objects now: 2511.
Total: 3.583995 ms (FindLiveObjects: 0.232216 ms CreateObjectMapping: 0.081590 ms MarkObjects: 3.232532 ms  DeleteObjects: 0.035344 ms)

========================================================================
Received Prepare
Registering precompiled user dll's ...
Registered in 0.007683 seconds.
Begin MonoManager ReloadAssembly
Native extension for LinuxStandalone target not found
Native extension for WindowsStandalone target not found
Native extension for WebGL target not found
Refreshing native plugins compatible for Editor in 0.57 ms, found 1 plugins.
Preloading 0 native plugins for Editor in 0.00 ms.
Mono: successfully reloaded assembly
- Completed reload, in  1.238 seconds
Platform modules already initialized, skipping
Refreshing native plugins compatible for Editor in 0.61 ms, found 1 plugins.
Preloading 0 native plugins for Editor in 0.00 ms.
Unloading 1772 Unused Serialized files (Serialized files now loaded: 0)
System memory in use before: 175.0 MB.
System memory in use after: 175.2 MB.

Unloading 25 unused Assets to reduce memory usage. Loaded Objects now: 2514.
Total: 2.658432 ms (FindLiveObjects: 0.236180 ms CreateObjectMapping: 0.078617 ms MarkObjects: 2.312915 ms  DeleteObjects: 0.028408 ms)

========================================================================
Received Prepare
Registering precompiled user dll's ...
Registered in 0.007915 seconds.
Begin MonoManager ReloadAssembly
Native extension for LinuxStandalone target not found
Native extension for WindowsStandalone target not found
Native extension for WebGL target not found
Refreshing native plugins compatible for Editor in 0.57 ms, found 1 plugins.
Preloading 0 native plugins for Editor in 0.00 ms.
Mono: successfully reloaded assembly
- Completed reload, in  1.234 seconds
Platform modules already initialized, skipping
Refreshing native plugins compatible for Editor in 0.60 ms, found 1 plugins.
Preloading 0 native plugins for Editor in 0.00 ms.
Unloading 1772 Unused Serialized files (Serialized files now loaded: 0)
System memory in use before: 175.0 MB.
System memory in use after: 175.2 MB.

Unloading 25 unused Assets to reduce memory usage. Loaded Objects now: 2517.
Total: 3.108661 ms (FindLiveObjects: 0.248402 ms CreateObjectMapping: 0.078947 ms MarkObjects: 2.739361 ms  DeleteObjects: 0.039969 ms)

========================================================================
Received Prepare
Registering precompiled user dll's ...
Registered in 0.008272 seconds.
Begin MonoManager ReloadAssembly
Native extension for LinuxStandalone target not found
Native extension for WindowsStandalone target not found
Native extension for WebGL target not found
Refreshing native plugins compatible for Editor in 0.66 ms, found 1 plugins.
Preloading 0 native plugins for Editor in 0.00 ms.
Mono: successfully reloaded assembly
- Completed reload, in  1.328 seconds
Platform modules already initialized, skipping
Refreshing native plugins compatible for Editor in 0.59 ms, found 1 plugins.
Preloading 0 native plugins for Editor in 0.00 ms.
Unloading 1772 Unused Serialized files (Serialized files now loaded: 0)
System memory in use before: 175.0 MB.
System memory in use after: 175.2 MB.

Unloading 25 unused Assets to reduce memory usage. Loaded Objects now: 2520.
Total: 4.802553 ms (FindLiveObjects: 0.296299 ms CreateObjectMapping: 0.771963 ms MarkObjects: 3.697956 ms  DeleteObjects: 0.034023 ms)

AssetImportWorkerClient::OnTransportError - code=2 error=End of file
